#-----------------------------------------------------------
# Vivado v2018.1 (64-bit)
# SW Build 2188600 on Wed Apr  4 18:40:38 MDT 2018
# IP Build 2185939 on Wed Apr  4 20:55:05 MDT 2018
# Start of session at: Wed May 14 23:36:30 2025
# Process ID: 9828
# Current directory: C:/Users/Hasaranga/programe_rom
# Command line: vivado.exe -gui_launcher_event rodinguilauncherevent9720 C:\Users\Hasaranga\programe_rom\program_rom.xpr
# Log file: C:/Users/Hasaranga/programe_rom/vivado.log
# Journal file: C:/Users/Hasaranga/programe_rom\vivado.jou
#-----------------------------------------------------------
start_gui
open_project C:/Users/Hasaranga/programe_rom/program_rom.xpr
INFO: [Project 1-313] Project file moved from 'C:/Users/Hasaranga/program_rom' since last save.
Scanning sources...
Finished scanning sources
INFO: [IP_Flow 19-234] Refreshing IP repositories
INFO: [IP_Flow 19-1704] No user IP repositories specified
INFO: [IP_Flow 19-2313] Loaded Vivado IP repository 'D:/vivado/Vivado/2018.1/data/ip'.
open_project: Time (s): cpu = 00:00:19 ; elapsed = 00:00:19 . Memory (MB): peak = 842.230 ; gain = 140.391
update_compile_order -fileset sources_1
launch_simulation
INFO: [Vivado 12-5682] Launching behavioral simulation in 'C:/Users/Hasaranga/programe_rom/program_rom.sim/sim_1/behav/xsim'
INFO: [SIM-utils-51] Simulation object is 'sim_1'
INFO: [SIM-utils-54] Inspecting design source files for 'Sim_program_rom' in fileset 'sim_1'...
INFO: [USF-XSim-97] Finding global include files...
INFO: [USF-XSim-98] Fetching design files from 'sim_1'...
INFO: [USF-XSim-2] XSim::Compile design
INFO: [USF-XSim-61] Executing 'COMPILE and ANALYZE' step in 'C:/Users/Hasaranga/programe_rom/program_rom.sim/sim_1/behav/xsim'
"xvhdl --incr --relax -prj Sim_program_rom_vhdl.prj"
INFO: [VRFC 10-163] Analyzing VHDL file "C:/Users/Hasaranga/programe_rom/program_rom.srcs/sources_1/new/program_rom.vhd" into library xil_defaultlib
INFO: [VRFC 10-307] analyzing entity program_rom
INFO: [VRFC 10-163] Analyzing VHDL file "C:/Users/Hasaranga/programe_rom/program_rom.srcs/sim_1/new/Sim_program_rom.vhd" into library xil_defaultlib
INFO: [VRFC 10-307] analyzing entity Sim_program_rom
INFO: [USF-XSim-69] 'compile' step finished in '3' seconds
INFO: [USF-XSim-3] XSim::Elaborate design
INFO: [USF-XSim-61] Executing 'ELABORATE' step in 'C:/Users/Hasaranga/programe_rom/program_rom.sim/sim_1/behav/xsim'
Vivado Simulator 2018.1
Copyright 1986-1999, 2001-2017 Xilinx, Inc. All Rights Reserved.
Running: D:/vivado/Vivado/2018.1/bin/unwrapped/win64.o/xelab.exe -wto e8aa1ead70c24cdc946b7d56305b5979 --incr --debug typical --relax --mt 2 -L xil_defaultlib -L secureip --snapshot Sim_program_rom_behav xil_defaultlib.Sim_program_rom -log elaborate.log 
Using 2 slave threads.
Starting static elaboration
Completed static elaboration
Starting simulation data flow analysis
Completed simulation data flow analysis
Time Resolution for simulation is 1ps
Compiling package std.standard
Compiling package std.textio
Compiling package ieee.std_logic_1164
Compiling architecture behavioral of entity xil_defaultlib.program_rom [program_rom_default]
Compiling architecture behavioral of entity xil_defaultlib.sim_program_rom
Built simulation snapshot Sim_program_rom_behav

****** Webtalk v2018.1 (64-bit)
  **** SW Build 2188600 on Wed Apr  4 18:40:38 MDT 2018
  **** IP Build 2185939 on Wed Apr  4 20:55:05 MDT 2018
    ** Copyright 1986-2018 Xilinx, Inc. All Rights Reserved.

source C:/Users/Hasaranga/programe_rom/program_rom.sim/sim_1/behav/xsim/xsim.dir/Sim_program_rom_behav/webtalk/xsim_webtalk.tcl -notrace
INFO: [Common 17-206] Exiting Webtalk at Wed May 14 23:38:13 2025...
run_program: Time (s): cpu = 00:00:00 ; elapsed = 00:00:10 . Memory (MB): peak = 862.387 ; gain = 0.000
INFO: [USF-XSim-69] 'elaborate' step finished in '10' seconds
INFO: [USF-XSim-4] XSim::Simulate design
INFO: [USF-XSim-61] Executing 'SIMULATE' step in 'C:/Users/Hasaranga/programe_rom/program_rom.sim/sim_1/behav/xsim'
INFO: [USF-XSim-98] *** Running xsim
   with args "Sim_program_rom_behav -key {Behavioral:sim_1:Functional:Sim_program_rom} -tclbatch {Sim_program_rom.tcl} -log {simulate.log}"
INFO: [USF-XSim-8] Loading simulator feature
Vivado Simulator 2018.1
Time resolution is 1 ps
source Sim_program_rom.tcl
# set curr_wave [current_wave_config]
# if { [string length $curr_wave] == 0 } {
#   if { [llength [get_objects]] > 0} {
#     add_wave /
#     set_property needs_save false [current_wave_config]
#   } else {
#      send_msg_id Add_Wave-1 WARNING "No top level signals found. Simulator will start without a wave window. If you want to open a wave window go to 'File->New Waveform Configuration' or type 'create_wave_config' in the TCL console."
#   }
# }
# run 1000ns
xsim: Time (s): cpu = 00:00:06 ; elapsed = 00:00:05 . Memory (MB): peak = 867.703 ; gain = 5.316
INFO: [USF-XSim-96] XSim completed. Design snapshot 'Sim_program_rom_behav' loaded.
INFO: [USF-XSim-97] XSim simulation ran for 1000ns
launch_simulation: Time (s): cpu = 00:00:09 ; elapsed = 00:00:21 . Memory (MB): peak = 867.703 ; gain = 5.316
close_sim
INFO: [Simtcl 6-16] Simulation closed
close_sim: Time (s): cpu = 00:00:02 ; elapsed = 00:00:08 . Memory (MB): peak = 870.629 ; gain = 1.527
exit
INFO: [Common 17-206] Exiting Vivado at Wed May 14 23:39:39 2025...
