#-----------------------------------------------------------
# Vivado v2018.1 (64-bit)
# SW Build 2188600 on Wed Apr  4 18:40:38 MDT 2018
# IP Build 2185939 on Wed Apr  4 20:55:05 MDT 2018
# Start of session at: Thu May 15 10:09:08 2025
# Process ID: 30784
# Current directory: C:/Personal/UOM/Sem 02/CODD Labs/8_Way_4_Bit_Mux
# Command line: vivado.exe -gui_launcher_event rodinguilauncherevent6272 C:\Personal\UOM\Sem 02\CODD Labs\8_Way_4_Bit_Mux\8_Way_4_Bit_Mux.xpr
# Log file: C:/Personal/UOM/Sem 02/CODD Labs/8_Way_4_Bit_Mux/vivado.log
# Journal file: C:/Personal/UOM/Sem 02/CODD Labs/8_Way_4_Bit_Mux\vivado.jou
#-----------------------------------------------------------
start_gui
open_project {C:/Personal/UOM/Sem 02/CODD Labs/8_Way_4_Bit_Mux/8_Way_4_Bit_Mux.xpr}
Scanning sources...
Finished scanning sources
INFO: [IP_Flow 19-234] Refreshing IP repositories
INFO: [IP_Flow 19-1704] No user IP repositories specified
INFO: [IP_Flow 19-2313] Loaded Vivado IP repository 'C:/Xilinx/Vivado/2018.1/data/ip'.
open_project: Time (s): cpu = 00:00:15 ; elapsed = 00:00:08 . Memory (MB): peak = 937.855 ; gain = 154.875
update_compile_order -fileset sources_1
exit
INFO: [Common 17-206] Exiting Vivado at Thu May 15 10:09:55 2025...
