Copyright 1986-2018 Xilinx, Inc. All Rights Reserved.
-------------------------------------------------------------------------------------------
| Tool Version : Vivado v.2018.1 (win64) Build 2188600 Wed Apr  4 18:40:38 MDT 2018
| Date         : Sun May 18 21:43:06 2025
| Host         : CITeS-FOE running 64-bit major release  (build 9200)
| Command      : report_control_sets -verbose -file Nano_Processor_control_sets_placed.rpt
| Design       : Nano_Processor
| Device       : xc7a35t
-------------------------------------------------------------------------------------------

Control Set Information

Table of Contents
-----------------
1. Summary
2. Histogram
3. Flip-Flop Distribution
4. Detailed Control Set Information

1. Summary
----------

+----------------------------------------------------------+-------+
|                          Status                          | Count |
+----------------------------------------------------------+-------+
| Number of unique control sets                            |     7 |
| Unused register locations in slices containing registers |    26 |
+----------------------------------------------------------+-------+


2. Histogram
------------

+--------+--------------+
| Fanout | Control Sets |
+--------+--------------+
|      3 |            2 |
|      4 |            3 |
|      5 |            1 |
|    16+ |            1 |
+--------+--------------+


3. Flip-Flop Distribution
-------------------------

+--------------+-----------------------+------------------------+-----------------+--------------+
| Clock Enable | Synchronous Set/Reset | Asynchronous Set/Reset | Total Registers | Total Slices |
+--------------+-----------------------+------------------------+-----------------+--------------+
| No           | No                    | No                     |               6 |            3 |
| No           | No                    | Yes                    |               0 |            0 |
| No           | Yes                   | No                     |              31 |            8 |
| Yes          | No                    | No                     |               0 |            0 |
| Yes          | No                    | Yes                    |               0 |            0 |
| Yes          | Yes                   | No                     |              17 |            5 |
+--------------+-----------------------+------------------------+-----------------+--------------+


4. Detailed Control Set Information
-----------------------------------

+----------------------+----------------------------+------------------------------+------------------+----------------+
|     Clock Signal     |        Enable Signal       |       Set/Reset Signal       | Slice Load Count | Bel Load Count |
+----------------------+----------------------------+------------------------------+------------------+----------------+
|  Slow_Clk_0/Q_reg[0] |                            |                              |                2 |              3 |
|  Clk_IBUF_BUFG       |                            |                              |                1 |              3 |
|  Slow_Clk_0/Q_reg[0] | Program_Counter/EN         | Res_IBUF                     |                1 |              4 |
|  Slow_Clk_0/Q_reg[0] | Program_Counter/Q_reg[0]_0 | Res_IBUF                     |                1 |              4 |
|  Slow_Clk_0/Q_reg[0] | Program_Counter/Q_reg[0]_1 | Res_IBUF                     |                2 |              4 |
|  Slow_Clk_0/Q_reg[0] | Program_Counter/Q_reg[0]   | Res_IBUF                     |                1 |              5 |
|  Clk_IBUF_BUFG       |                            | Slow_Clk_0/count[31]_i_1_n_0 |                8 |             31 |
+----------------------+----------------------------+------------------------------+------------------+----------------+


