#-----------------------------------------------------------
# Vivado v2018.1 (64-bit)
# SW Build 2188600 on Wed Apr  4 18:40:38 MDT 2018
# IP Build 2185939 on Wed Apr  4 20:55:05 MDT 2018
# Start of session at: Mon May 26 19:37:53 2025
# Process ID: 58224
# Current directory: E:/University Lectures/Computer Organization and Digital Design/CA/microProcessorDesign/Nano Processor
# Command line: vivado.exe -gui_launcher_event rodinguilauncherevent56696 E:\University Lectures\Computer Organization and Digital Design\CA\microProcessorDesign\Nano Processor\Nano Processor.xpr
# Log file: E:/University Lectures/Computer Organization and Digital Design/CA/microProcessorDesign/Nano Processor/vivado.log
# Journal file: E:/University Lectures/Computer Organization and Digital Design/CA/microProcessorDesign/Nano Processor\vivado.jou
#-----------------------------------------------------------
start_gui
open_project {E:/University Lectures/Computer Organization and Digital Design/CA/microProcessorDesign/Nano Processor/Nano Processor.xpr}
INFO: [ProjectBase 1-489] The host OS only allows 260 characters in a normal path. The project is stored in a path with more than 80 characters. If you experience issues with IP, Block Designs, or files not being found, please consider moving the project to a location with a shorter path. Alternately consider using the OS subst command to map part of the path to a drive letter.
Current project path is 'E:/University Lectures/Computer Organization and Digital Design/CA/microProcessorDesign/Nano Processor'
Scanning sources...
Finished scanning sources
INFO: [IP_Flow 19-234] Refreshing IP repositories
INFO: [IP_Flow 19-1704] No user IP repositories specified
INFO: [IP_Flow 19-2313] Loaded Vivado IP repository 'D:/Xilinx/Vivado/2018.1/data/ip'.
update_compile_order -fileset sources_1
exit
INFO: [Common 17-206] Exiting Vivado at Mon May 26 19:38:15 2025...
