#-----------------------------------------------------------
# Vivado v2018.1 (64-bit)
# SW Build 2188600 on Wed Apr  4 18:40:38 MDT 2018
# IP Build 2185939 on Wed Apr  4 20:55:05 MDT 2018
# Start of session at: Fri May 16 22:10:05 2025
# Process ID: 65812
# Current directory: E:/Vivado project/Final_Nano_Processor/microProcessorDesign/Nano_Processor
# Command line: vivado.exe -gui_launcher_event rodinguilauncherevent65672 E:\Vivado project\Final_Nano_Processor\microProcessorDesign\Nano_Processor\Nano_Processor.xpr
# Log file: E:/Vivado project/Final_Nano_Processor/microProcessorDesign/Nano_Processor/vivado.log
# Journal file: E:/Vivado project/Final_Nano_Processor/microProcessorDesign/Nano_Processor\vivado.jou
#-----------------------------------------------------------
start_gui
open_project {E:/Vivado project/Final_Nano_Processor/microProcessorDesign/Nano_Processor/Nano_Processor.xpr}
Scanning sources...
Finished scanning sources
INFO: [IP_Flow 19-234] Refreshing IP repositories
INFO: [IP_Flow 19-1704] No user IP repositories specified
INFO: [IP_Flow 19-2313] Loaded Vivado IP repository 'D:/Xilinx/Vivado/2018.1/data/ip'.
open_project: Time (s): cpu = 00:00:09 ; elapsed = 00:00:05 . Memory (MB): peak = 945.770 ; gain = 217.305
update_compile_order -fileset sources_1
launch_simulation
INFO: [Vivado 12-5682] Launching behavioral simulation in 'E:/Vivado project/Final_Nano_Processor/microProcessorDesign/Nano_Processor/Nano_Processor.sim/sim_1/behav/xsim'
INFO: [SIM-utils-51] Simulation object is 'sim_1'
INFO: [SIM-utils-54] Inspecting design source files for 'Sim_Nano_Processor' in fileset 'sim_1'...
INFO: [USF-XSim-97] Finding global include files...
INFO: [USF-XSim-98] Fetching design files from 'sim_1'...
INFO: [USF-XSim-2] XSim::Compile design
INFO: [USF-XSim-61] Executing 'COMPILE and ANALYZE' step in 'E:/Vivado project/Final_Nano_Processor/microProcessorDesign/Nano_Processor/Nano_Processor.sim/sim_1/behav/xsim'
"xvhdl --incr --relax -prj Sim_Nano_Processor_vhdl.prj"
INFO: [VRFC 10-163] Analyzing VHDL file "E:/Vivado project/Final_Nano_Processor/microProcessorDesign/Nano_Processor/Nano_Processor.srcs/sources_1/imports/new/Nano_Processor.vhd" into library xil_defaultlib
INFO: [VRFC 10-307] analyzing entity Nano_Processor
INFO: [USF-XSim-69] 'compile' step finished in '1' seconds
INFO: [USF-XSim-3] XSim::Elaborate design
INFO: [USF-XSim-61] Executing 'ELABORATE' step in 'E:/Vivado project/Final_Nano_Processor/microProcessorDesign/Nano_Processor/Nano_Processor.sim/sim_1/behav/xsim'
Vivado Simulator 2018.1
Copyright 1986-1999, 2001-2017 Xilinx, Inc. All Rights Reserved.
Running: D:/Xilinx/Vivado/2018.1/bin/unwrapped/win64.o/xelab.exe -wto 92a02db8c0a24dd0b5f9136d5973f861 --incr --debug typical --relax --mt 2 -L xil_defaultlib -L secureip --snapshot Sim_Nano_Processor_behav xil_defaultlib.Sim_Nano_Processor -log elaborate.log 
Using 2 slave threads.
Starting static elaboration
Completed static elaboration
Starting simulation data flow analysis
Completed simulation data flow analysis
Time Resolution for simulation is 1ps
Compiling package std.standard
Compiling package std.textio
Compiling package ieee.std_logic_1164
Compiling package ieee.std_logic_arith
Compiling package ieee.std_logic_unsigned
Compiling package ieee.numeric_std
Compiling package ieee.std_logic_textio
Compiling architecture behavioral of entity xil_defaultlib.Slow_Clk [slow_clk_default]
Compiling architecture behavioral of entity xil_defaultlib.ProgramCounter [programcounter_default]
Compiling architecture behavioral of entity xil_defaultlib.adder_3bit [adder_3bit_default]
Compiling architecture behavioral of entity xil_defaultlib.Mux_2_Way_3_Bit [mux_2_way_3_bit_default]
Compiling architecture behavioral of entity xil_defaultlib.program_rom [program_rom_default]
Compiling architecture behavioral of entity xil_defaultlib.InstructionDecoder [instructiondecoder_default]
Compiling architecture behavioral of entity xil_defaultlib.Decoder_2_to_4 [decoder_2_to_4_default]
Compiling architecture behavioral of entity xil_defaultlib.Decoder_3_to_8 [decoder_3_to_8_default]
Compiling architecture behavioral of entity xil_defaultlib.Reg [reg_default]
Compiling architecture behavioral of entity xil_defaultlib.Register_Bank [register_bank_default]
Compiling architecture behavioral of entity xil_defaultlib.Mux_2_Way_4_Bit [mux_2_way_4_bit_default]
Compiling architecture behavioral of entity xil_defaultlib.Mux_8_Way_4_Bit [mux_8_way_4_bit_default]
Compiling architecture behavioral of entity xil_defaultlib.HA [ha_default]
Compiling architecture behavioral of entity xil_defaultlib.FA [fa_default]
Compiling architecture behavioral of entity xil_defaultlib.RCA_4 [rca_4_default]
Compiling architecture behavioral of entity xil_defaultlib.AdderSubtractor4bitUnit [addersubtractor4bitunit_default]
Compiling architecture behavioral of entity xil_defaultlib.LUT_16_7 [lut_16_7_default]
Compiling architecture behavioral of entity xil_defaultlib.Nano_Processor [nano_processor_default]
Compiling architecture behavioral of entity xil_defaultlib.sim_nano_processor
Built simulation snapshot Sim_Nano_Processor_behav

****** Webtalk v2018.1 (64-bit)
  **** SW Build 2188600 on Wed Apr  4 18:40:38 MDT 2018
  **** IP Build 2185939 on Wed Apr  4 20:55:05 MDT 2018
    ** Copyright 1986-2018 Xilinx, Inc. All Rights Reserved.

source E:/Vivado -notrace
couldn't read file "E:/Vivado": permission denied
INFO: [Common 17-206] Exiting Webtalk at Fri May 16 22:13:12 2025...
INFO: [USF-XSim-69] 'elaborate' step finished in '4' seconds
INFO: [USF-XSim-4] XSim::Simulate design
INFO: [USF-XSim-61] Executing 'SIMULATE' step in 'E:/Vivado project/Final_Nano_Processor/microProcessorDesign/Nano_Processor/Nano_Processor.sim/sim_1/behav/xsim'
INFO: [USF-XSim-98] *** Running xsim
   with args "Sim_Nano_Processor_behav -key {Behavioral:sim_1:Functional:Sim_Nano_Processor} -tclbatch {Sim_Nano_Processor.tcl} -log {simulate.log}"
INFO: [USF-XSim-8] Loading simulator feature
Vivado Simulator 2018.1
Time resolution is 1 ps
source Sim_Nano_Processor.tcl
# set curr_wave [current_wave_config]
# if { [string length $curr_wave] == 0 } {
#   if { [llength [get_objects]] > 0} {
#     add_wave /
#     set_property needs_save false [current_wave_config]
#   } else {
#      send_msg_id Add_Wave-1 WARNING "No top level signals found. Simulator will start without a wave window. If you want to open a wave window go to 'File->New Waveform Configuration' or type 'create_wave_config' in the TCL console."
#   }
# }
# run 1000ns
INFO: [USF-XSim-96] XSim completed. Design snapshot 'Sim_Nano_Processor_behav' loaded.
INFO: [USF-XSim-97] XSim simulation ran for 1000ns
launch_simulation: Time (s): cpu = 00:00:03 ; elapsed = 00:00:08 . Memory (MB): peak = 967.141 ; gain = 18.406
close_sim
INFO: [Simtcl 6-16] Simulation closed
launch_simulation
INFO: [Vivado 12-5682] Launching behavioral simulation in 'E:/Vivado project/Final_Nano_Processor/microProcessorDesign/Nano_Processor/Nano_Processor.sim/sim_1/behav/xsim'
INFO: [SIM-utils-51] Simulation object is 'sim_1'
INFO: [SIM-utils-54] Inspecting design source files for 'Sim_Nano_Processor' in fileset 'sim_1'...
INFO: [USF-XSim-97] Finding global include files...
INFO: [USF-XSim-98] Fetching design files from 'sim_1'...
INFO: [USF-XSim-2] XSim::Compile design
INFO: [USF-XSim-61] Executing 'COMPILE and ANALYZE' step in 'E:/Vivado project/Final_Nano_Processor/microProcessorDesign/Nano_Processor/Nano_Processor.sim/sim_1/behav/xsim'
"xvhdl --incr --relax -prj Sim_Nano_Processor_vhdl.prj"
INFO: [VRFC 10-163] Analyzing VHDL file "E:/Vivado project/Final_Nano_Processor/microProcessorDesign/Nano_Processor/Nano_Processor.srcs/sources_1/imports/imports/new/2_Way_3_Bit_Mux.vhd" into library xil_defaultlib
INFO: [VRFC 10-307] analyzing entity Mux_2_Way_3_Bit
INFO: [VRFC 10-163] Analyzing VHDL file "E:/Vivado project/Final_Nano_Processor/microProcessorDesign/Nano_Processor/Nano_Processor.srcs/sources_1/imports/new/AdderSubtractor4bitUnit.vhd" into library xil_defaultlib
INFO: [VRFC 10-307] analyzing entity AdderSubtractor4bitUnit
INFO: [VRFC 10-163] Analyzing VHDL file "E:/Vivado project/Final_Nano_Processor/microProcessorDesign/Nano_Processor/Nano_Processor.srcs/sources_1/imports/new/FA.vhd" into library xil_defaultlib
INFO: [VRFC 10-307] analyzing entity FA
INFO: [VRFC 10-163] Analyzing VHDL file "E:/Vivado project/Final_Nano_Processor/microProcessorDesign/Nano_Processor/Nano_Processor.srcs/sources_1/imports/new/HA.vhd" into library xil_defaultlib
INFO: [VRFC 10-307] analyzing entity HA
INFO: [VRFC 10-163] Analyzing VHDL file "E:/Vivado project/Final_Nano_Processor/microProcessorDesign/Nano_Processor/Nano_Processor.srcs/sources_1/imports/new/LUT_16_7.vhd" into library xil_defaultlib
INFO: [VRFC 10-307] analyzing entity LUT_16_7
INFO: [VRFC 10-163] Analyzing VHDL file "E:/Vivado project/Final_Nano_Processor/microProcessorDesign/Nano_Processor/Nano_Processor.srcs/sources_1/imports/imports/Final_Nano_Processor/2_Way_4_Bit_Mux/2_Way_4_Bit_Mux.srcs/sources_1/new/Mux_2_Way_4_Bit.vhd" into library xil_defaultlib
INFO: [VRFC 10-307] analyzing entity Mux_2_Way_4_Bit
INFO: [VRFC 10-163] Analyzing VHDL file "E:/Vivado project/Final_Nano_Processor/microProcessorDesign/Nano_Processor/Nano_Processor.srcs/sources_1/imports/new/RCA_4.vhd" into library xil_defaultlib
INFO: [VRFC 10-307] analyzing entity RCA_4
INFO: [VRFC 10-163] Analyzing VHDL file "E:/Vivado project/Final_Nano_Processor/microProcessorDesign/Nano_Processor/Nano_Processor.srcs/sources_1/imports/imports/Final_Nano_Processor/microProcessorDesign-Sineth/Register_Bank/Register_Bank.srcs/sources_1/new/Reg.vhd" into library xil_defaultlib
INFO: [VRFC 10-307] analyzing entity Reg
INFO: [VRFC 10-163] Analyzing VHDL file "E:/Vivado project/Final_Nano_Processor/microProcessorDesign/Nano_Processor/Nano_Processor.srcs/sources_1/imports/imports/Final_Nano_Processor/microProcessorDesign-Bosilu/ProgramCounter/ProgramCounter.srcs/sources_1/imports/new/Slow_Clk.vhd" into library xil_defaultlib
INFO: [VRFC 10-307] analyzing entity Slow_Clk
INFO: [USF-XSim-69] 'compile' step finished in '1' seconds
INFO: [USF-XSim-3] XSim::Elaborate design
INFO: [USF-XSim-61] Executing 'ELABORATE' step in 'E:/Vivado project/Final_Nano_Processor/microProcessorDesign/Nano_Processor/Nano_Processor.sim/sim_1/behav/xsim'
Vivado Simulator 2018.1
Copyright 1986-1999, 2001-2017 Xilinx, Inc. All Rights Reserved.
Running: D:/Xilinx/Vivado/2018.1/bin/unwrapped/win64.o/xelab.exe -wto 92a02db8c0a24dd0b5f9136d5973f861 --incr --debug typical --relax --mt 2 -L xil_defaultlib -L secureip --snapshot Sim_Nano_Processor_behav xil_defaultlib.Sim_Nano_Processor -log elaborate.log 
Using 2 slave threads.
Starting static elaboration
Completed static elaboration
Starting simulation data flow analysis
Completed simulation data flow analysis
Time Resolution for simulation is 1ps
Compiling package std.standard
Compiling package std.textio
Compiling package ieee.std_logic_1164
Compiling package ieee.std_logic_arith
Compiling package ieee.std_logic_unsigned
Compiling package ieee.numeric_std
Compiling package ieee.std_logic_textio
Compiling architecture behavioral of entity xil_defaultlib.Slow_Clk [slow_clk_default]
Compiling architecture behavioral of entity xil_defaultlib.ProgramCounter [programcounter_default]
Compiling architecture behavioral of entity xil_defaultlib.adder_3bit [adder_3bit_default]
Compiling architecture behavioral of entity xil_defaultlib.Mux_2_Way_3_Bit [mux_2_way_3_bit_default]
Compiling architecture behavioral of entity xil_defaultlib.program_rom [program_rom_default]
Compiling architecture behavioral of entity xil_defaultlib.InstructionDecoder [instructiondecoder_default]
Compiling architecture behavioral of entity xil_defaultlib.Decoder_2_to_4 [decoder_2_to_4_default]
Compiling architecture behavioral of entity xil_defaultlib.Decoder_3_to_8 [decoder_3_to_8_default]
Compiling architecture behavioral of entity xil_defaultlib.Reg [reg_default]
Compiling architecture behavioral of entity xil_defaultlib.Register_Bank [register_bank_default]
Compiling architecture behavioral of entity xil_defaultlib.Mux_2_Way_4_Bit [mux_2_way_4_bit_default]
Compiling architecture behavioral of entity xil_defaultlib.Mux_8_Way_4_Bit [mux_8_way_4_bit_default]
Compiling architecture behavioral of entity xil_defaultlib.HA [ha_default]
Compiling architecture behavioral of entity xil_defaultlib.FA [fa_default]
Compiling architecture behavioral of entity xil_defaultlib.RCA_4 [rca_4_default]
Compiling architecture behavioral of entity xil_defaultlib.AdderSubtractor4bitUnit [addersubtractor4bitunit_default]
Compiling architecture behavioral of entity xil_defaultlib.LUT_16_7 [lut_16_7_default]
Compiling architecture behavioral of entity xil_defaultlib.Nano_Processor [nano_processor_default]
Compiling architecture behavioral of entity xil_defaultlib.sim_nano_processor
Built simulation snapshot Sim_Nano_Processor_behav
INFO: [USF-XSim-69] 'elaborate' step finished in '1' seconds
INFO: [USF-XSim-4] XSim::Simulate design
INFO: [USF-XSim-61] Executing 'SIMULATE' step in 'E:/Vivado project/Final_Nano_Processor/microProcessorDesign/Nano_Processor/Nano_Processor.sim/sim_1/behav/xsim'
INFO: [USF-XSim-98] *** Running xsim
   with args "Sim_Nano_Processor_behav -key {Behavioral:sim_1:Functional:Sim_Nano_Processor} -tclbatch {Sim_Nano_Processor.tcl} -log {simulate.log}"
INFO: [USF-XSim-8] Loading simulator feature
Vivado Simulator 2018.1
Time resolution is 1 ps
source Sim_Nano_Processor.tcl
# set curr_wave [current_wave_config]
# if { [string length $curr_wave] == 0 } {
#   if { [llength [get_objects]] > 0} {
#     add_wave /
#     set_property needs_save false [current_wave_config]
#   } else {
#      send_msg_id Add_Wave-1 WARNING "No top level signals found. Simulator will start without a wave window. If you want to open a wave window go to 'File->New Waveform Configuration' or type 'create_wave_config' in the TCL console."
#   }
# }
# run 1000ns
INFO: [USF-XSim-96] XSim completed. Design snapshot 'Sim_Nano_Processor_behav' loaded.
INFO: [USF-XSim-97] XSim simulation ran for 1000ns
reset_run synth_1
WARNING: [Vivado 12-1017] Problems encountered:
1. Failed to delete one or more files in run directory E:/Vivado project/Final_Nano_Processor/microProcessorDesign/Nano_Processor/Nano_Processor.runs/synth_1

launch_runs synth_1 -jobs 8
[Fri May 16 22:22:27 2025] Launched synth_1...
Run output will be captured here: E:/Vivado project/Final_Nano_Processor/microProcessorDesign/Nano_Processor/Nano_Processor.runs/synth_1/runme.log
launch_runs impl_1 -jobs 8
[Fri May 16 22:23:19 2025] Launched impl_1...
Run output will be captured here: E:/Vivado project/Final_Nano_Processor/microProcessorDesign/Nano_Processor/Nano_Processor.runs/impl_1/runme.log
launch_runs impl_1 -to_step write_bitstream -jobs 8
[Fri May 16 22:25:15 2025] Launched impl_1...
Run output will be captured here: E:/Vivado project/Final_Nano_Processor/microProcessorDesign/Nano_Processor/Nano_Processor.runs/impl_1/runme.log
open_run impl_1
INFO: [Netlist 29-17] Analyzing 10 Unisim elements for replacement
INFO: [Netlist 29-28] Unisim Transformation completed in 0 CPU seconds
INFO: [Project 1-479] Netlist was created with Vivado 2018.1
INFO: [Device 21-403] Loading part xc7a35tcpg236-1
INFO: [Project 1-570] Preparing netlist for logic optimization
INFO: [Timing 38-478] Restoring timing data from binary archive.
INFO: [Timing 38-479] Binary timing data restore complete.
INFO: [Project 1-856] Restoring constraints from binary archive.
INFO: [Project 1-853] Binary constraint restore complete.
Reading XDEF placement.
Reading placer database...
Reading XDEF routing.
Read XDEF File: Time (s): cpu = 00:00:00 ; elapsed = 00:00:00.026 . Memory (MB): peak = 1839.152 ; gain = 0.000
Restored from archive | CPU: 0.000000 secs | Memory: 0.000000 MB |
Finished XDEF File Restore: Time (s): cpu = 00:00:00 ; elapsed = 00:00:00.026 . Memory (MB): peak = 1839.152 ; gain = 0.000
INFO: [Project 1-111] Unisim Transformation Summary:
No Unisim elements were transformed.

open_run: Time (s): cpu = 00:00:19 ; elapsed = 00:00:18 . Memory (MB): peak = 1964.223 ; gain = 946.953
close_sim
INFO: [Simtcl 6-16] Simulation closed
exit
INFO: [Common 17-206] Exiting Vivado at Fri May 16 22:27:43 2025...
