Copyright 1986-2018 Xilinx, Inc. All Rights Reserved.
-----------------------------------------------------------------------------------------------
| Tool Version : Vivado v.2018.1 (win64) Build 2188600 Wed Apr  4 18:40:38 MDT 2018
| Date         : Wed May 14 22:36:10 2025
| Host         : CITeS-FOE running 64-bit major release  (build 9200)
| Command      : report_control_sets -verbose -file InstructionDecoder_control_sets_placed.rpt
| Design       : InstructionDecoder
| Device       : xc7a35t
-----------------------------------------------------------------------------------------------

Control Set Information

Table of Contents
-----------------
1. Summary
2. Histogram
3. Flip-Flop Distribution
4. Detailed Control Set Information

1. Summary
----------

+----------------------------------------------------------+-------+
|                          Status                          | Count |
+----------------------------------------------------------+-------+
| Number of unique control sets                            |     3 |
| Unused register locations in slices containing registers |    21 |
+----------------------------------------------------------+-------+


2. Histogram
------------

+--------+--------------+
| Fanout | Control Sets |
+--------+--------------+
|      1 |            3 |
+--------+--------------+


3. Flip-Flop Distribution
-------------------------

+--------------+-----------------------+------------------------+-----------------+--------------+
| Clock Enable | Synchronous Set/Reset | Asynchronous Set/Reset | Total Registers | Total Slices |
+--------------+-----------------------+------------------------+-----------------+--------------+
| No           | No                    | No                     |               1 |            1 |
| No           | No                    | Yes                    |               0 |            0 |
| No           | Yes                   | No                     |               2 |            2 |
| Yes          | No                    | No                     |               0 |            0 |
| Yes          | No                    | Yes                    |               0 |            0 |
| Yes          | Yes                   | No                     |               0 |            0 |
+--------------+-----------------------+------------------------+-----------------+--------------+


4. Detailed Control Set Information
-----------------------------------

+------------------------------+---------------+-----------------------------+------------------+----------------+
|         Clock Signal         | Enable Signal |       Set/Reset Signal      | Slice Load Count | Bel Load Count |
+------------------------------+---------------+-----------------------------+------------------+----------------+
|  JumpFlag_reg_i_2_n_0        |               |                             |                1 |              1 |
|  LoadSelect_reg_i_1_n_0      |               | LoadSelect_reg_i_2_n_0      |                1 |              1 |
|  OperationSelect_reg_i_1_n_0 |               | OperationSelect_reg_i_2_n_0 |                1 |              1 |
+------------------------------+---------------+-----------------------------+------------------+----------------+


