Copyright 1986-2018 Xilinx, Inc. All Rights Reserved.
------------------------------------------------------------------------------------------
| Tool Version : Vivado v.2018.1 (win64) Build 2188600 Wed Apr  4 18:40:38 MDT 2018
| Date         : Wed May 14 22:21:38 2025
| Host         : CITeS-FOE running 64-bit major release  (build 9200)
| Command      : report_control_sets -verbose -file Register_Bank_control_sets_placed.rpt
| Design       : Register_Bank
| Device       : xc7a35t
------------------------------------------------------------------------------------------

Control Set Information

Table of Contents
-----------------
1. Summary
2. Histogram
3. Flip-Flop Distribution
4. Detailed Control Set Information

1. Summary
----------

+----------------------------------------------------------+-------+
|                          Status                          | Count |
+----------------------------------------------------------+-------+
| Number of unique control sets                            |    10 |
| Unused register locations in slices containing registers |    38 |
+----------------------------------------------------------+-------+


2. Histogram
------------

+--------+--------------+
| Fanout | Control Sets |
+--------+--------------+
|      3 |            1 |
|      4 |            8 |
|    16+ |            1 |
+--------+--------------+


3. Flip-Flop Distribution
-------------------------

+--------------+-----------------------+------------------------+-----------------+--------------+
| Clock Enable | Synchronous Set/Reset | Asynchronous Set/Reset | Total Registers | Total Slices |
+--------------+-----------------------+------------------------+-----------------+--------------+
| No           | No                    | No                     |               3 |            1 |
| No           | No                    | Yes                    |               0 |            0 |
| No           | Yes                   | No                     |              31 |            8 |
| Yes          | No                    | No                     |              32 |           17 |
| Yes          | No                    | Yes                    |               0 |            0 |
| Yes          | Yes                   | No                     |               0 |            0 |
+--------------+-----------------------+------------------------+-----------------+--------------+


4. Detailed Control Set Information
-----------------------------------

+----------------+--------------------------------------------+------------------------------+------------------+----------------+
|  Clock Signal  |                Enable Signal               |       Set/Reset Signal       | Slice Load Count | Bel Load Count |
+----------------+--------------------------------------------+------------------------------+------------------+----------------+
|  Clk_IBUF_BUFG |                                            |                              |                1 |              3 |
|  Q_reg_i_2_n_0 | Decoder_3_to_8_0/Decorder_2_to_4_0/EN      |                              |                2 |              4 |
|  Q_reg_i_2_n_0 | Decoder_3_to_8_0/Decorder_2_to_4_1/Q_reg_2 |                              |                2 |              4 |
|  Q_reg_i_2_n_0 | Decoder_3_to_8_0/Decorder_2_to_4_0/Q_reg   |                              |                2 |              4 |
|  Q_reg_i_2_n_0 | Decoder_3_to_8_0/Decorder_2_to_4_1/Q_reg   |                              |                2 |              4 |
|  Q_reg_i_2_n_0 | Decoder_3_to_8_0/Decorder_2_to_4_1/Q_reg_0 |                              |                3 |              4 |
|  Q_reg_i_2_n_0 | Decoder_3_to_8_0/Decorder_2_to_4_1/Q_reg_1 |                              |                2 |              4 |
|  Q_reg_i_2_n_0 | Decoder_3_to_8_0/Decorder_2_to_4_0/Q_reg_0 |                              |                2 |              4 |
|  Q_reg_i_2_n_0 | Reg_0/D_FF_2/Q_reg_0                       |                              |                2 |              4 |
|  Clk_IBUF_BUFG |                                            | Slow_Clk_0/count[31]_i_1_n_0 |                8 |             31 |
+----------------+--------------------------------------------+------------------------------+------------------+----------------+


