INFO: [VRFC 10-2263] Analyzing Verilog file "E:/Vivado project/Nano_Processor/Nano_Processor.sim/sim_1/impl/func/xsim/Sim_Nano_Processor_func_impl.v" into library xil_defaultlib
INFO: [VRFC 10-311] analyzing module D_FF
INFO: [VRFC 10-311] analyzing module D_FF_10
INFO: [VRFC 10-311] analyzing module D_FF_11
INFO: [VRFC 10-311] analyzing module D_FF_12
INFO: [VRFC 10-311] analyzing module D_FF_13
INFO: [VRFC 10-311] analyzing module D_FF_14
INFO: [VRFC 10-311] analyzing module D_FF_15
INFO: [VRFC 10-311] analyzing module D_FF_16
INFO: [VRFC 10-311] analyzing module D_FF_17
INFO: [VRFC 10-311] analyzing module D_FF_18
INFO: [VRFC 10-311] analyzing module D_FF_19
INFO: [VRFC 10-311] analyzing module D_FF_20
INFO: [VRFC 10-311] analyzing module D_FF_21
INFO: [VRFC 10-311] analyzing module D_FF_7
INFO: [VRFC 10-311] analyzing module D_FF_8
INFO: [VRFC 10-311] analyzing module D_FF_9
INFO: [VRFC 10-311] analyzing module InstructionDecoder
INFO: [VRFC 10-311] analyzing module Nano_Processor
INFO: [VRFC 10-311] analyzing module ProgramCounter
INFO: [VRFC 10-311] analyzing module Reg
INFO: [VRFC 10-311] analyzing module Reg_0
INFO: [VRFC 10-311] analyzing module Reg_1
INFO: [VRFC 10-311] analyzing module Reg_2
INFO: [VRFC 10-311] analyzing module Reg_3
INFO: [VRFC 10-311] analyzing module Reg_4
INFO: [VRFC 10-311] analyzing module Reg_5
INFO: [VRFC 10-311] analyzing module Reg_6
INFO: [VRFC 10-311] analyzing module Register_Bank
INFO: [VRFC 10-311] analyzing module Slow_Clk
INFO: [VRFC 10-311] analyzing module adder_3bit
INFO: [VRFC 10-311] analyzing module glbl
